Determining if the log exist failed with the following output:
Change Dir: /mnt/c/Users/boylek3/Documents/RPI/2021/Spring/OpenSource/cmake/Help/guide/tutorial/Step5_build/CMakeFiles/CMakeTmp

Run Build Command:"/usr/bin/make" "cmTC_b0c73/fast"
/usr/bin/make -f CMakeFiles/cmTC_b0c73.dir/build.make CMakeFiles/cmTC_b0c73.dir/build
make[1]: Entering directory '/mnt/c/Users/boylek3/Documents/RPI/2021/Spring/OpenSource/cmake/Help/guide/tutorial/Step5_build/CMakeFiles/CMakeTmp'
Building C object CMakeFiles/cmTC_b0c73.dir/CheckSymbolExists.c.o
/usr/bin/cc    -o CMakeFiles/cmTC_b0c73.dir/CheckSymbolExists.c.o   -c /mnt/c/Users/boylek3/Documents/RPI/2021/Spring/OpenSource/cmake/Help/guide/tutorial/Step5_build/CMakeFiles/CMakeTmp/CheckSymbolExists.c
Linking C executable cmTC_b0c73
/usr/bin/cmake -E cmake_link_script CMakeFiles/cmTC_b0c73.dir/link.txt --verbose=1
/usr/bin/cc      CMakeFiles/cmTC_b0c73.dir/CheckSymbolExists.c.o  -o cmTC_b0c73 
CMakeFiles/cmTC_b0c73.dir/CheckSymbolExists.c.o: In function `main':
CheckSymbolExists.c:(.text+0x1b): undefined reference to `log'
collect2: error: ld returned 1 exit status
CMakeFiles/cmTC_b0c73.dir/build.make:97: recipe for target 'cmTC_b0c73' failed
make[1]: *** [cmTC_b0c73] Error 1
make[1]: Leaving directory '/mnt/c/Users/boylek3/Documents/RPI/2021/Spring/OpenSource/cmake/Help/guide/tutorial/Step5_build/CMakeFiles/CMakeTmp'
Makefile:126: recipe for target 'cmTC_b0c73/fast' failed
make: *** [cmTC_b0c73/fast] Error 2

File /mnt/c/Users/boylek3/Documents/RPI/2021/Spring/OpenSource/cmake/Help/guide/tutorial/Step5_build/CMakeFiles/CMakeTmp/CheckSymbolExists.c:
/* */
#include <math.h>

int main(int argc, char** argv)
{
  (void)argv;
#ifndef log
  return ((int*)(&log))[argc];
#else
  (void)argc;
  return 0;
#endif
}

Determining if the exp exist failed with the following output:
Change Dir: /mnt/c/Users/boylek3/Documents/RPI/2021/Spring/OpenSource/cmake/Help/guide/tutorial/Step5_build/CMakeFiles/CMakeTmp

Run Build Command:"/usr/bin/make" "cmTC_b3618/fast"
/usr/bin/make -f CMakeFiles/cmTC_b3618.dir/build.make CMakeFiles/cmTC_b3618.dir/build
make[1]: Entering directory '/mnt/c/Users/boylek3/Documents/RPI/2021/Spring/OpenSource/cmake/Help/guide/tutorial/Step5_build/CMakeFiles/CMakeTmp'
Building C object CMakeFiles/cmTC_b3618.dir/CheckSymbolExists.c.o
/usr/bin/cc    -o CMakeFiles/cmTC_b3618.dir/CheckSymbolExists.c.o   -c /mnt/c/Users/boylek3/Documents/RPI/2021/Spring/OpenSource/cmake/Help/guide/tutorial/Step5_build/CMakeFiles/CMakeTmp/CheckSymbolExists.c
Linking C executable cmTC_b3618
/usr/bin/cmake -E cmake_link_script CMakeFiles/cmTC_b3618.dir/link.txt --verbose=1
/usr/bin/cc      CMakeFiles/cmTC_b3618.dir/CheckSymbolExists.c.o  -o cmTC_b3618 
CMakeFiles/cmTC_b3618.dir/CheckSymbolExists.c.o: In function `main':
CheckSymbolExists.c:(.text+0x1b): undefined reference to `exp'
collect2: error: ld returned 1 exit status
CMakeFiles/cmTC_b3618.dir/build.make:97: recipe for target 'cmTC_b3618' failed
make[1]: *** [cmTC_b3618] Error 1
make[1]: Leaving directory '/mnt/c/Users/boylek3/Documents/RPI/2021/Spring/OpenSource/cmake/Help/guide/tutorial/Step5_build/CMakeFiles/CMakeTmp'
Makefile:126: recipe for target 'cmTC_b3618/fast' failed
make: *** [cmTC_b3618/fast] Error 2

File /mnt/c/Users/boylek3/Documents/RPI/2021/Spring/OpenSource/cmake/Help/guide/tutorial/Step5_build/CMakeFiles/CMakeTmp/CheckSymbolExists.c:
/* */
#include <math.h>

int main(int argc, char** argv)
{
  (void)argv;
#ifndef exp
  return ((int*)(&exp))[argc];
#else
  (void)argc;
  return 0;
#endif
}

